2024-08-11 11:02:05,941 INFO o.s.b.StartupInfoLogger [restartedMain] Starting QuizspringApplication using Java 17.0.11 with PID 24988 (C:\Users\krish\Downloads\Backernd-realestate-main\Backernd-realestate-main\Spring-Security-Template-V4-main\target\classes started by Krishna in C:\Users\krish\Downloads\Backernd-realestate-main)
2024-08-11 11:02:05,947 INFO o.s.b.SpringApplication [restartedMain] No active profile set, falling back to 1 default profile: "default"
2024-08-11 11:02:06,028 INFO o.s.b.l.DeferredLog [restartedMain] Devtools property defaults active! Set 'spring.devtools.add-properties' to 'false' to disable
2024-08-11 11:02:06,029 INFO o.s.b.l.DeferredLog [restartedMain] For additional web related logging consider setting the 'logging.level.web' property to 'DEBUG'
2024-08-11 11:02:09,911 INFO o.s.d.r.c.RepositoryConfigurationDelegate [restartedMain] Bootstrapping Spring Data JPA repositories in DEFAULT mode.
2024-08-11 11:02:10,021 INFO o.s.d.r.c.RepositoryConfigurationDelegate [restartedMain] Finished Spring Data repository scanning in 95 ms. Found 6 JPA repository interfaces.
2024-08-11 11:02:11,144 INFO o.s.b.w.e.t.TomcatWebServer [restartedMain] Tomcat initialized with port 8080 (http)
2024-08-11 11:02:11,165 INFO o.a.j.l.DirectJDKLog [restartedMain] Initializing ProtocolHandler ["http-nio-8080"]
2024-08-11 11:02:11,172 INFO o.a.j.l.DirectJDKLog [restartedMain] Starting service [Tomcat]
2024-08-11 11:02:11,174 INFO o.a.j.l.DirectJDKLog [restartedMain] Starting Servlet engine: [Apache Tomcat/10.1.26]
2024-08-11 11:02:11,278 INFO o.a.j.l.DirectJDKLog [restartedMain] Initializing Spring embedded WebApplicationContext
2024-08-11 11:02:11,280 INFO o.s.b.w.s.c.ServletWebServerApplicationContext [restartedMain] Root WebApplicationContext: initialization completed in 5249 ms
2024-08-11 11:02:11,505 INFO o.h.j.i.u.LogHelper [restartedMain] HHH000204: Processing PersistenceUnitInfo [name: default]
2024-08-11 11:02:11,619 INFO o.h.Version [restartedMain] HHH000412: Hibernate ORM core version 6.5.2.Final
2024-08-11 11:02:11,695 INFO o.h.c.i.RegionFactoryInitiator [restartedMain] HHH000026: Second-level cache disabled
2024-08-11 11:02:12,340 INFO o.s.o.j.p.SpringPersistenceUnitInfo [restartedMain] No LoadTimeWeaver setup: ignoring JPA class transformer
2024-08-11 11:02:12,394 INFO c.z.h.HikariDataSource [restartedMain] HikariPool-1 - Starting...
2024-08-11 11:02:12,819 INFO c.z.h.p.HikariPool [restartedMain] HikariPool-1 - Added connection com.mysql.cj.jdbc.ConnectionImpl@fc3b885
2024-08-11 11:02:12,824 INFO c.z.h.HikariDataSource [restartedMain] HikariPool-1 - Start completed.
2024-08-11 11:02:12,930 WARN o.h.e.j.d.i.DialectFactoryImpl [restartedMain] HHH90000025: MySQLDialect does not need to be specified explicitly using 'hibernate.dialect' (remove the property setting and it will be selected by default)
2024-08-11 11:02:14,399 INFO o.h.e.t.j.p.i.JtaPlatformInitiator [restartedMain] HHH000489: No JTA platform available (set 'hibernate.transaction.jta.platform' to enable JTA platform integration)
2024-08-11 11:02:14,615 INFO o.s.o.j.AbstractEntityManagerFactoryBean [restartedMain] Initialized JPA EntityManagerFactory for persistence unit 'default'
2024-08-11 11:02:15,260 INFO o.s.s.c.a.a.c.InitializeUserDetailsBeanManagerConfigurer$InitializeUserDetailsManagerConfigurer [restartedMain] Global AuthenticationManager configured with UserDetailsService bean with name userDetailsService
2024-08-11 11:02:15,533 WARN o.s.b.a.o.j.JpaBaseConfiguration$JpaWebConfiguration [restartedMain] spring.jpa.open-in-view is enabled by default. Therefore, database queries may be performed during view rendering. Explicitly configure spring.jpa.open-in-view to disable this warning
2024-08-11 11:02:16,088 DEBUG o.s.s.w.DefaultSecurityFilterChain [restartedMain] Will secure any request with filters: DisableEncodeUrlFilter, WebAsyncManagerIntegrationFilter, SecurityContextHolderFilter, HeaderWriterFilter, CorsFilter, LogoutFilter, JwtAuthenticationFilter, RequestCacheAwareFilter, SecurityContextHolderAwareRequestFilter, AnonymousAuthenticationFilter, SessionManagementFilter, ExceptionTranslationFilter, AuthorizationFilter
2024-08-11 11:02:16,663 INFO o.s.b.d.a.OptionalLiveReloadServer [restartedMain] LiveReload server is running on port 35729
2024-08-11 11:02:16,696 INFO o.a.j.l.DirectJDKLog [restartedMain] Starting ProtocolHandler ["http-nio-8080"]
2024-08-11 11:02:16,761 INFO o.s.b.w.e.t.TomcatWebServer [restartedMain] Tomcat started on port 8080 (http) with context path '/'
2024-08-11 11:02:16,779 INFO o.s.b.StartupInfoLogger [restartedMain] Started QuizspringApplication in 11.728 seconds (process running for 12.808)
